Boring Bets MLB live refresh: 2026-07-23 (live 2.0s, pregame 10.0s, settled 60.0s)
2026-07-23T21:26:55.757489Z games=5 live=2 open=2 changed=yes
2026-07-23T21:26:58.266627Z games=5 live=2 open=2 changed=no
2026-07-23T21:27:01.077745Z games=5 live=2 open=2 changed=yes
2026-07-23T21:27:03.587170Z games=5 live=2 open=2 changed=no
2026-07-23T21:27:06.490708Z games=5 live=2 open=2 changed=no
2026-07-23T21:27:08.951628Z games=5 live=2 open=2 changed=no
2026-07-23T21:27:11.497014Z games=5 live=2 open=2 changed=no
2026-07-23T21:27:14.477310Z games=5 live=2 open=2 changed=no
2026-07-23T21:27:17.055721Z games=5 live=2 open=2 changed=no
2026-07-23T21:27:19.534880Z games=5 live=2 open=2 changed=yes
2026-07-23T21:27:22.002846Z games=5 live=2 open=2 changed=no
2026-07-23T21:27:24.834428Z games=5 live=2 open=2 changed=no
2026-07-23T21:27:27.285438Z games=5 live=2 open=2 changed=no
2026-07-23T21:27:29.722797Z games=5 live=2 open=2 changed=no
2026-07-23T21:27:32.204627Z games=5 live=2 open=2 changed=no
2026-07-23T21:27:34.693433Z games=5 live=2 open=2 changed=no
2026-07-23T21:27:37.266028Z games=5 live=2 open=2 changed=no
2026-07-23T21:27:39.828859Z games=5 live=2 open=2 changed=no
2026-07-23T21:27:42.402146Z games=5 live=2 open=2 changed=yes
2026-07-23T21:27:45.215338Z games=5 live=2 open=2 changed=no
2026-07-23T21:27:47.859941Z games=5 live=2 open=2 changed=no
2026-07-23T21:27:51.154304Z games=5 live=2 open=2 changed=yes
2026-07-23T21:27:53.921584Z games=5 live=2 open=2 changed=no
2026-07-23T21:27:56.441407Z games=5 live=2 open=2 changed=no
2026-07-23T21:27:59.112751Z games=5 live=2 open=2 changed=no
2026-07-23T21:28:01.606708Z games=5 live=2 open=2 changed=yes
2026-07-23T21:28:06.743733Z games=5 live=2 open=2 changed=no
2026-07-23T21:28:09.387124Z games=5 live=2 open=2 changed=no
2026-07-23T21:28:11.895021Z games=5 live=2 open=2 changed=no
2026-07-23T21:28:14.470628Z games=5 live=2 open=2 changed=no
2026-07-23T21:28:17.284930Z games=5 live=2 open=2 changed=no
2026-07-23T21:28:19.904364Z games=5 live=2 open=2 changed=no
2026-07-23T21:28:22.497847Z games=5 live=2 open=2 changed=no
2026-07-23T21:28:35.439145Z games=5 live=2 open=2 changed=yes
2026-07-23T21:28:38.292671Z games=5 live=2 open=2 changed=no
2026-07-23T21:28:40.864945Z games=5 live=2 open=2 changed=no
2026-07-23T21:28:43.493863Z games=5 live=2 open=2 changed=yes
2026-07-23T21:28:46.134049Z games=5 live=2 open=2 changed=no
2026-07-23T21:28:48.585624Z games=5 live=2 open=2 changed=no
2026-07-23T21:28:51.587082Z games=5 live=2 open=2 changed=no
2026-07-23T21:28:54.074626Z games=5 live=2 open=2 changed=no
2026-07-23T21:28:56.780073Z games=5 live=2 open=2 changed=no
2026-07-23T21:29:00.273804Z games=5 live=2 open=2 changed=no
2026-07-23T21:29:02.868913Z games=5 live=2 open=2 changed=no
2026-07-23T21:29:05.369291Z games=5 live=2 open=2 changed=no
2026-07-23T21:29:07.858553Z games=5 live=2 open=2 changed=no
2026-07-23T21:29:10.483259Z games=5 live=2 open=2 changed=no
2026-07-23T21:29:13.405902Z games=5 live=2 open=2 changed=no
2026-07-23T21:29:16.053296Z games=5 live=2 open=2 changed=no
2026-07-23T21:29:19.026095Z games=5 live=2 open=2 changed=no
2026-07-23T21:29:21.971429Z games=5 live=2 open=2 changed=yes
2026-07-23T21:29:24.536219Z games=5 live=2 open=2 changed=no
2026-07-23T21:29:27.251995Z games=5 live=2 open=2 changed=yes
2026-07-23T21:29:29.790311Z games=5 live=2 open=2 changed=no
2026-07-23T21:29:32.628809Z games=5 live=2 open=2 changed=yes
2026-07-23T21:29:35.198395Z games=5 live=2 open=2 changed=no
2026-07-23T21:29:37.967583Z games=5 live=2 open=2 changed=no
2026-07-23T21:29:40.533685Z games=5 live=2 open=2 changed=no
2026-07-23T21:29:43.194422Z games=5 live=2 open=2 changed=yes
2026-07-23T21:29:49.823977Z games=5 live=2 open=2 changed=no
2026-07-23T21:29:52.700376Z games=5 live=2 open=2 changed=no
2026-07-23T21:29:55.329084Z games=5 live=2 open=2 changed=no
2026-07-23T21:29:57.950188Z games=5 live=2 open=2 changed=no
2026-07-23T21:30:00.948507Z games=5 live=2 open=2 changed=no
2026-07-23T21:30:04.146624Z games=5 live=2 open=2 changed=no
2026-07-23T21:30:06.723983Z games=5 live=2 open=2 changed=no
2026-07-23T21:30:10.055327Z games=5 live=2 open=2 changed=no
2026-07-23T21:30:12.657908Z games=5 live=2 open=2 changed=no
2026-07-23T21:30:17.161792Z games=5 live=2 open=2 changed=no
2026-07-23T21:30:19.815823Z games=5 live=2 open=2 changed=no
2026-07-23T21:30:22.316310Z games=5 live=2 open=2 changed=no
2026-07-23T21:30:25.116709Z games=5 live=2 open=2 changed=no
2026-07-23T21:30:27.688775Z games=5 live=2 open=2 changed=no
2026-07-23T21:30:30.194279Z games=5 live=2 open=2 changed=no
2026-07-23T21:30:32.889865Z games=5 live=2 open=2 changed=no
2026-07-23T21:30:35.405729Z games=5 live=2 open=2 changed=no
2026-07-23T21:30:37.942222Z games=5 live=2 open=2 changed=no
2026-07-23T21:30:45.724740Z games=5 live=2 open=2 changed=no
2026-07-23T21:30:48.719442Z games=5 live=2 open=2 changed=no
2026-07-23T21:30:58.019116Z games=5 live=2 open=2 changed=yes
2026-07-23T21:31:01.154954Z games=5 live=2 open=2 changed=no
2026-07-23T21:31:07.651836Z games=5 live=2 open=2 changed=yes
2026-07-23T21:31:10.353461Z games=5 live=2 open=2 changed=no
2026-07-23T21:31:12.896901Z games=5 live=2 open=2 changed=yes
2026-07-23T21:31:15.428441Z games=5 live=2 open=2 changed=no
2026-07-23T21:31:18.100224Z games=5 live=2 open=2 changed=no
2026-07-23T21:31:20.618090Z games=5 live=2 open=2 changed=no
2026-07-23T21:31:23.319607Z games=5 live=2 open=2 changed=no
2026-07-23T21:31:25.997505Z games=5 live=2 open=2 changed=no
2026-07-23T21:31:28.885944Z games=5 live=2 open=2 changed=no
2026-07-23T21:31:31.789901Z games=5 live=2 open=2 changed=no
2026-07-23T21:31:34.676194Z games=5 live=2 open=2 changed=yes
2026-07-23T21:31:37.529245Z games=5 live=2 open=2 changed=no
2026-07-23T21:31:40.218684Z games=5 live=2 open=2 changed=no
2026-07-23T21:31:43.192152Z games=5 live=2 open=2 changed=no
2026-07-23T21:31:45.987589Z games=5 live=2 open=2 changed=no
2026-07-23T21:31:48.527877Z games=5 live=2 open=2 changed=no
2026-07-23T21:31:51.085605Z games=5 live=2 open=2 changed=no
2026-07-23T21:31:53.649457Z games=5 live=2 open=2 changed=yes
2026-07-23T21:31:56.191478Z games=5 live=2 open=2 changed=no
2026-07-23T21:31:58.879467Z games=5 live=2 open=2 changed=no
2026-07-23T21:32:01.508633Z games=5 live=2 open=2 changed=no
2026-07-23T21:32:04.549903Z games=5 live=2 open=2 changed=no
2026-07-23T21:32:07.738241Z games=5 live=2 open=2 changed=no
2026-07-23T21:32:10.291354Z games=5 live=2 open=2 changed=no
2026-07-23T21:32:13.196624Z games=5 live=2 open=2 changed=no
Attempt 1 failed; retrying in 1s: <urlopen error timed out>
2026-07-23T21:32:27.193969Z games=5 live=2 open=2 changed=yes
2026-07-23T21:32:39.883967Z games=5 live=2 open=2 changed=no
2026-07-23T21:32:45.101794Z games=5 live=2 open=2 changed=no
2026-07-23T21:32:48.108794Z games=5 live=2 open=2 changed=yes
2026-07-23T21:32:51.414620Z games=5 live=2 open=2 changed=no
2026-07-23T21:32:54.160255Z games=5 live=2 open=2 changed=no
2026-07-23T21:32:56.978628Z games=5 live=2 open=2 changed=no
2026-07-23T21:32:59.485679Z games=5 live=2 open=2 changed=no
2026-07-23T21:33:02.047193Z games=5 live=2 open=2 changed=no
2026-07-23T21:33:04.637331Z games=5 live=2 open=2 changed=no
2026-07-23T21:33:07.459989Z games=5 live=2 open=2 changed=no
2026-07-23T21:33:10.083385Z games=5 live=2 open=2 changed=no
2026-07-23T21:33:12.843243Z games=5 live=2 open=2 changed=no
2026-07-23T21:33:15.368141Z games=5 live=2 open=2 changed=yes
2026-07-23T21:33:18.802901Z games=5 live=2 open=2 changed=no
2026-07-23T21:33:21.408727Z games=5 live=2 open=2 changed=no
2026-07-23T21:33:24.145852Z games=5 live=2 open=2 changed=no
2026-07-23T21:33:26.822000Z games=5 live=2 open=2 changed=no
2026-07-23T21:33:29.336922Z games=5 live=2 open=2 changed=no
2026-07-23T21:33:32.023960Z games=5 live=2 open=2 changed=no
2026-07-23T21:33:34.526579Z games=5 live=2 open=2 changed=no
2026-07-23T21:33:37.199625Z games=5 live=2 open=2 changed=no
2026-07-23T21:33:39.769712Z games=5 live=2 open=2 changed=no
2026-07-23T21:33:42.395059Z games=5 live=2 open=2 changed=no
2026-07-23T21:33:45.037245Z games=5 live=2 open=2 changed=no
2026-07-23T21:33:47.907847Z games=5 live=2 open=2 changed=yes
2026-07-23T21:33:50.509334Z games=5 live=2 open=2 changed=no
2026-07-23T21:33:53.454103Z games=5 live=2 open=2 changed=no
2026-07-23T21:33:56.244293Z games=5 live=2 open=2 changed=yes
2026-07-23T21:33:58.838885Z games=5 live=2 open=2 changed=no
2026-07-23T21:34:01.524517Z games=5 live=2 open=2 changed=no
2026-07-23T21:34:04.622791Z games=5 live=2 open=2 changed=no
2026-07-23T21:34:07.305541Z games=5 live=2 open=2 changed=no
2026-07-23T21:34:10.163005Z games=5 live=2 open=2 changed=no
2026-07-23T21:34:12.969709Z games=5 live=2 open=2 changed=no
2026-07-23T21:34:15.661443Z games=5 live=2 open=2 changed=no
2026-07-23T21:34:18.224632Z games=5 live=2 open=2 changed=no
2026-07-23T21:34:21.126200Z games=5 live=2 open=2 changed=no
2026-07-23T21:34:23.972232Z games=5 live=2 open=2 changed=no
2026-07-23T21:34:26.588421Z games=5 live=2 open=2 changed=yes
2026-07-23T21:34:29.502841Z games=5 live=2 open=2 changed=no
2026-07-23T21:34:32.113388Z games=5 live=2 open=2 changed=no
2026-07-23T21:34:35.117676Z games=5 live=2 open=2 changed=no
2026-07-23T21:34:37.823339Z games=5 live=2 open=2 changed=no
2026-07-23T21:34:41.114691Z games=5 live=2 open=2 changed=no
Attempt 1 failed; retrying in 1s: <urlopen error timed out>
2026-07-23T21:34:54.994557Z games=5 live=2 open=2 changed=yes
2026-07-23T21:34:58.727773Z games=5 live=2 open=2 changed=no
Attempt 1 failed; retrying in 1s: <urlopen error timed out>
2026-07-23T21:35:12.370373Z games=5 live=2 open=2 changed=no
2026-07-23T21:35:14.898458Z games=5 live=2 open=2 changed=no
2026-07-23T21:35:17.507415Z games=5 live=2 open=2 changed=no
2026-07-23T21:35:20.057967Z games=5 live=2 open=2 changed=no
2026-07-23T21:35:22.626664Z games=5 live=2 open=2 changed=no
2026-07-23T21:35:25.465410Z games=5 live=2 open=2 changed=yes
2026-07-23T21:35:28.188171Z games=5 live=2 open=2 changed=no
2026-07-23T21:35:30.740605Z games=5 live=2 open=2 changed=no
2026-07-23T21:35:33.454047Z games=5 live=2 open=2 changed=no
2026-07-23T21:35:36.424116Z games=5 live=2 open=2 changed=yes
2026-07-23T21:35:39.195280Z games=5 live=2 open=2 changed=no
2026-07-23T21:35:41.932716Z games=5 live=2 open=2 changed=no
2026-07-23T21:35:44.633304Z games=5 live=2 open=2 changed=no
2026-07-23T21:35:47.357681Z games=5 live=2 open=2 changed=no
2026-07-23T21:35:50.914672Z games=5 live=2 open=2 changed=no
2026-07-23T21:35:53.830006Z games=5 live=2 open=2 changed=no
2026-07-23T21:35:56.453614Z games=5 live=2 open=2 changed=yes
2026-07-23T21:35:59.426624Z games=5 live=2 open=2 changed=no
2026-07-23T21:36:02.118555Z games=5 live=2 open=2 changed=no
2026-07-23T21:36:04.934338Z games=5 live=2 open=2 changed=no
2026-07-23T21:36:07.648431Z games=5 live=2 open=2 changed=no
2026-07-23T21:36:10.253194Z games=5 live=2 open=2 changed=no
2026-07-23T21:36:12.910713Z games=5 live=2 open=2 changed=no
2026-07-23T21:36:15.676433Z games=5 live=2 open=2 changed=yes
2026-07-23T21:36:19.110029Z games=5 live=2 open=2 changed=no
2026-07-23T21:36:22.134493Z games=5 live=2 open=2 changed=no
2026-07-23T21:36:25.242444Z games=5 live=2 open=2 changed=no
Attempt 1 failed; retrying in 1s: <urlopen error timed out>
2026-07-23T21:36:38.979163Z games=5 live=2 open=2 changed=no
2026-07-23T21:36:41.845679Z games=5 live=2 open=2 changed=no
2026-07-23T21:36:44.720202Z games=5 live=2 open=2 changed=no
2026-07-23T21:36:47.770145Z games=5 live=2 open=2 changed=yes
2026-07-23T21:36:50.530170Z games=5 live=2 open=2 changed=no
2026-07-23T21:36:53.629085Z games=5 live=2 open=2 changed=no
2026-07-23T21:36:56.464475Z games=5 live=2 open=2 changed=no
2026-07-23T21:36:59.272716Z games=5 live=2 open=2 changed=no
2026-07-23T21:37:02.072510Z games=5 live=2 open=2 changed=no
2026-07-23T21:37:04.780002Z games=5 live=2 open=2 changed=no
2026-07-23T21:37:07.306185Z games=5 live=2 open=2 changed=no
2026-07-23T21:37:09.825497Z games=5 live=2 open=2 changed=no
2026-07-23T21:37:12.316893Z games=5 live=2 open=2 changed=no
2026-07-23T21:37:15.122876Z games=5 live=2 open=2 changed=no
2026-07-23T21:37:18.094664Z games=5 live=2 open=2 changed=no
2026-07-23T21:37:20.912143Z games=5 live=2 open=2 changed=no
2026-07-23T21:37:23.465561Z games=5 live=2 open=2 changed=no
2026-07-23T21:37:26.116725Z games=5 live=2 open=2 changed=no
2026-07-23T21:37:28.680992Z games=5 live=2 open=2 changed=no
2026-07-23T21:37:31.434358Z games=5 live=2 open=2 changed=no
2026-07-23T21:37:34.036458Z games=5 live=2 open=2 changed=no
2026-07-23T21:37:37.047672Z games=5 live=2 open=2 changed=no
2026-07-23T21:37:39.716233Z games=5 live=2 open=2 changed=no
2026-07-23T21:37:42.529186Z games=5 live=2 open=2 changed=no
2026-07-23T21:37:45.420720Z games=5 live=2 open=2 changed=no
2026-07-23T21:37:48.324291Z games=5 live=2 open=2 changed=no
2026-07-23T21:37:51.300165Z games=5 live=2 open=2 changed=no
2026-07-23T21:37:54.192694Z games=5 live=2 open=2 changed=no
2026-07-23T21:37:57.061465Z games=5 live=2 open=2 changed=no
2026-07-23T21:37:59.595338Z games=5 live=2 open=2 changed=no
2026-07-23T21:38:02.283918Z games=5 live=2 open=2 changed=no
2026-07-23T21:38:04.906886Z games=5 live=2 open=2 changed=no
2026-07-23T21:38:07.623922Z games=5 live=2 open=2 changed=no
2026-07-23T21:38:10.579637Z games=5 live=2 open=2 changed=no
Attempt 1 failed; retrying in 1s: <urlopen error timed out>
2026-07-23T21:38:24.292577Z games=5 live=2 open=2 changed=no
2026-07-23T21:38:29.775996Z games=5 live=2 open=2 changed=no
2026-07-23T21:38:34.674472Z games=5 live=2 open=2 changed=no
2026-07-23T21:38:39.100455Z games=5 live=2 open=2 changed=no
Attempt 1 failed; retrying in 1s: <urlopen error _ssl.c:1112: The handshake operation timed out>
2026-07-23T21:38:53.077259Z games=5 live=2 open=2 changed=yes
2026-07-23T21:38:57.132461Z games=5 live=2 open=2 changed=yes
2026-07-23T21:39:00.631356Z games=5 live=2 open=2 changed=no
2026-07-23T21:39:06.117832Z games=5 live=2 open=2 changed=no
WARN: live feed failed for game 824247: <urlopen error timed out>
WARN: live feed failed for game 823042: <urlopen error timed out>
2026-07-23T21:39:18.698801Z games=5 live=2 open=2 changed=yes
2026-07-23T21:39:21.849375Z games=5 live=2 open=2 changed=yes
2026-07-23T21:39:24.452719Z games=5 live=2 open=2 changed=no
2026-07-23T21:39:27.789397Z games=5 live=2 open=2 changed=yes
2026-07-23T21:39:30.304582Z games=5 live=2 open=2 changed=no
2026-07-23T21:39:32.914669Z games=5 live=2 open=2 changed=no
2026-07-23T21:39:35.436137Z games=5 live=2 open=2 changed=no
2026-07-23T21:39:37.949932Z games=5 live=2 open=2 changed=no
2026-07-23T21:39:40.509874Z games=5 live=2 open=2 changed=no
2026-07-23T21:39:43.061860Z games=5 live=2 open=2 changed=no
2026-07-23T21:39:45.657663Z games=5 live=2 open=2 changed=no
2026-07-23T21:39:48.757178Z games=5 live=2 open=2 changed=yes
2026-07-23T21:39:51.663019Z games=5 live=2 open=2 changed=no
2026-07-23T21:39:54.212041Z games=5 live=2 open=2 changed=no
2026-07-23T21:39:57.450833Z games=5 live=2 open=2 changed=yes
2026-07-23T21:40:00.007770Z games=5 live=2 open=2 changed=no
2026-07-23T21:40:02.623445Z games=5 live=2 open=2 changed=no
2026-07-23T21:40:05.174950Z games=5 live=2 open=2 changed=no
2026-07-23T21:40:08.440421Z games=5 live=2 open=2 changed=yes
2026-07-23T21:40:11.005783Z games=5 live=2 open=2 changed=no
2026-07-23T21:40:13.526566Z games=5 live=2 open=2 changed=no
2026-07-23T21:40:16.181085Z games=5 live=2 open=2 changed=no
2026-07-23T21:40:18.797848Z games=5 live=2 open=2 changed=no
2026-07-23T21:40:21.714402Z games=5 live=2 open=2 changed=no
2026-07-23T21:40:24.218192Z games=5 live=2 open=2 changed=no
2026-07-23T21:40:27.227202Z games=5 live=2 open=2 changed=no
2026-07-23T21:40:29.772829Z games=5 live=2 open=2 changed=no
2026-07-23T21:40:32.570175Z games=5 live=2 open=2 changed=no
2026-07-23T21:40:35.048701Z games=5 live=2 open=2 changed=no
2026-07-23T21:40:37.603808Z games=5 live=2 open=2 changed=yes
2026-07-23T21:40:40.206642Z games=5 live=2 open=2 changed=no
2026-07-23T21:40:42.881866Z games=5 live=2 open=2 changed=no
2026-07-23T21:40:45.376554Z games=5 live=2 open=2 changed=no
2026-07-23T21:40:48.733314Z games=5 live=2 open=2 changed=no
2026-07-23T21:40:51.540048Z games=5 live=2 open=2 changed=no
2026-07-23T21:40:54.092503Z games=5 live=2 open=2 changed=no
2026-07-23T21:40:57.435837Z games=5 live=2 open=2 changed=no
2026-07-23T21:40:59.989698Z games=5 live=2 open=2 changed=yes
2026-07-23T21:41:02.560869Z games=5 live=2 open=2 changed=no
2026-07-23T21:41:05.221485Z games=5 live=2 open=2 changed=no
2026-07-23T21:41:08.801557Z games=5 live=2 open=2 changed=yes
2026-07-23T21:41:11.917100Z games=5 live=2 open=2 changed=no
2026-07-23T21:41:15.026057Z games=5 live=2 open=2 changed=no
2026-07-23T21:41:19.109586Z games=5 live=2 open=2 changed=no
2026-07-23T21:41:22.168879Z games=5 live=2 open=2 changed=no
2026-07-23T21:41:24.632834Z games=5 live=2 open=2 changed=no
2026-07-23T21:41:28.027225Z games=5 live=2 open=2 changed=yes
2026-07-23T21:41:30.539709Z games=5 live=2 open=2 changed=no
2026-07-23T21:41:33.065679Z games=5 live=2 open=2 changed=no
2026-07-23T21:41:35.680181Z games=5 live=2 open=2 changed=no
2026-07-23T21:41:38.277431Z games=5 live=2 open=2 changed=yes
2026-07-23T21:41:40.885475Z games=5 live=2 open=2 changed=no
2026-07-23T21:41:43.435120Z games=5 live=2 open=2 changed=no
2026-07-23T21:41:45.994442Z games=5 live=2 open=2 changed=no
2026-07-23T21:41:49.695371Z games=5 live=2 open=2 changed=yes
2026-07-23T21:41:53.006617Z games=5 live=2 open=2 changed=no
2026-07-23T21:41:55.559013Z games=5 live=2 open=2 changed=no
2026-07-23T21:41:58.583963Z games=5 live=2 open=2 changed=yes
2026-07-23T21:42:01.151044Z games=5 live=2 open=2 changed=no
2026-07-23T21:42:03.746302Z games=5 live=2 open=2 changed=no
2026-07-23T21:42:08.112667Z games=5 live=2 open=2 changed=no
2026-07-23T21:42:10.924987Z games=5 live=2 open=2 changed=no
2026-07-23T21:42:13.560929Z games=5 live=2 open=2 changed=no
2026-07-23T21:42:18.158742Z games=5 live=2 open=2 changed=no
2026-07-23T21:42:21.453722Z games=5 live=2 open=2 changed=yes
2026-07-23T21:42:28.147812Z games=5 live=2 open=2 changed=yes
Attempt 1 failed; retrying in 1s: <urlopen error timed out>
2026-07-23T21:42:43.236759Z games=5 live=2 open=2 changed=no
2026-07-23T21:42:45.896623Z games=5 live=2 open=2 changed=no
